INFO:root:Reading in activities.csv
INFO:root:There are 2 variables and one key in activities.csv
INFO:root:There are 22642 observations in activities.csv
INFO:root:Reading in activities.csv
INFO:root:There are 4 variables and one key in users.csv
INFO:root:There are 5807 observations in users.csv
INFO:root:Reading in activities.csv
INFO:root:There are 2 variables and one key in activities.csv
INFO:root:There are 22642 observations in activities.csv
INFO:root:Reading in activities.csv
INFO:root:There are 2 variables and one key in activities.csv
INFO:root:There are 22642 observations in activities.csv
INFO:root:Reading in activities.csv
INFO:root:There are 2 variables and one key in activities.csv
INFO:root:There are 22642 observations in activities.csv
WARNING:root:This is a Warning
INFO:root:Reading in activities.csv
INFO:root:There are 2 variables and one key in activities.csv
INFO:root:There are 22642 observations in activities.csv
WARNING:root:This is a Warning
INFO:root:Reading in activities.csv
INFO:root:There are 2 variables and one key in activities.csv
INFO:root:There are 22642 observations in activities.csv
WARNING:root:This is a Warning
